<?xml version="1.0" encoding="UTF-8"?>
<!-- Generated by org.testng.reporters.JUnitReportReporter -->
<testsuite hostname="CSCO-W-PF2RQ7NA" failures="0" tests="2" name="com.cisco.AT_Capstone_Project.TestRunner" time="24.878" errors="0" timestamp="2021-12-23T12:40:30 IST" skipped="0">
  <testcase classname="com.cisco.AT_Capstone_Project.TestRunner" name="runScenario" time="4.370"/>
  <system-out/>
  <testcase classname="com.cisco.AT_Capstone_Project.TestRunner" name="runScenario" time="20.508"/>
  <system-out/>
</testsuite> <!-- com.cisco.AT_Capstone_Project.TestRunner -->
