<?xml version="1.0" encoding="UTF-8"?>
<!-- Generated by org.testng.reporters.JUnitReportReporter -->
<testsuite hostname="CSCO-W-PF2RQ7NA" failures="0" tests="2" name="com.cisco.AT_Capstone_testscripts.TestRunner" time="23.547" errors="0" timestamp="2021-12-23T16:57:42 IST" skipped="0">
  <testcase classname="com.cisco.AT_Capstone_testscripts.TestRunner" name="runScenario" time="20.492"/>
  <system-out/>
  <testcase classname="com.cisco.AT_Capstone_testscripts.TestRunner" name="runScenario" time="3.055"/>
  <system-out/>
</testsuite> <!-- com.cisco.AT_Capstone_testscripts.TestRunner -->
