<?xml version="1.0" encoding="UTF-8"?>
<!-- Generated by org.testng.reporters.JUnitReportReporter -->
<testsuite hostname="CSCO-W-PF2RQ7NA" failures="0" tests="1" name="scripts.login" time="1.311" errors="0" timestamp="2021-12-23T16:21:32 IST" skipped="0">
  <testcase classname="scripts.login" name="register_user" time="1.311"/>
  <system-out/>
</testsuite> <!-- scripts.login -->
