<?xml version="1.0" encoding="UTF-8"?>
<!-- Generated by org.testng.reporters.JUnitReportReporter -->
<testsuite hostname="CSCO-W-PF2RQ7NA" failures="0" tests="1" name="restassured.getFlights" time="0.930" errors="0" timestamp="2021-12-23T18:12:55 IST" skipped="0">
  <testcase classname="restassured.getFlights" name="Getflights" time="0.930"/>
  <system-out/>
</testsuite> <!-- restassured.getFlights -->
