<?xml version="1.0" encoding="UTF-8"?>
<!-- Generated by org.testng.reporters.JUnitReportReporter -->
<testsuite hostname="CSCO-W-PF2RQ7NA" failures="0" tests="1" name="restassured.login" time="1.059" errors="0" timestamp="2021-12-23T17:57:36 IST" skipped="0">
  <testcase classname="restassured.login" name="register_user" time="1.059"/>
  <system-out/>
</testsuite> <!-- restassured.login -->
