<?xml version="1.0" encoding="UTF-8"?>
<!-- Generated by org.testng.reporters.JUnitReportReporter -->
<testsuite hostname="CSCO-W-PF2RQ7NA" failures="0" tests="1" name="restassured.postuser" time="1.034" errors="0" timestamp="2021-12-23T18:10:40 IST" skipped="0">
  <testcase classname="restassured.postuser" name="register_user" time="1.034"/>
  <system-out/>
</testsuite> <!-- restassured.postuser -->
