<?xml version="1.0" encoding="UTF-8"?>
<!-- Generated by org.testng.reporters.JUnitReportReporter -->
<testsuite hostname="CSCO-W-PF2RQ7NA" failures="0" tests="1" name="restassured.getbookflights" time="0.985" errors="0" timestamp="2021-12-23T18:18:25 IST" skipped="0">
  <testcase classname="restassured.getbookflights" name="Getflight_details" time="0.985"/>
  <system-out/>
</testsuite> <!-- restassured.getbookflights -->
