<?xml version="1.0" encoding="UTF-8"?>
<!-- Generated by org.testng.reporters.JUnitReportReporter -->
<testsuite hostname="CSCO-W-PF2RQ7NA" failures="0" tests="1" name="restassured.completebooking" time="0.965" errors="0" timestamp="2021-12-23T18:20:18 IST" skipped="0">
  <testcase classname="restassured.completebooking" name="complete_booking" time="0.965"/>
  <system-out/>
</testsuite> <!-- restassured.completebooking -->
